aRSimpleNativeCars/build/outputs/logs/manifest-merger-debug-report.txt
-- Merging decision tree log ---
manifest
ADDED from src/main/AndroidManifest.xml:2:1-74:12
	package
		ADDED from src/main/AndroidManifest.xml:3:5-58
		INJECTED from src/main/AndroidManifest.xml
		INJECTED from src/main/AndroidManifest.xml
	android:versionName
		ADDED from src/main/AndroidManifest.xml:5:5-31
		INJECTED from src/main/AndroidManifest.xml
		INJECTED from src/main/AndroidManifest.xml
	android:versionCode
		ADDED from src/main/AndroidManifest.xml:4:5-32
		INJECTED from src/main/AndroidManifest.xml
		INJECTED from src/main/AndroidManifest.xml
	xmlns:android
		ADDED from src/main/AndroidManifest.xml:2:11-69
uses-permission#android.permission.CAMERA
ADDED from src/main/AndroidManifest.xml:8:5-65
	android:name
		ADDED from src/main/AndroidManifest.xml:8:22-62
uses-permission#android.permission.INTERNET
ADDED from src/main/AndroidManifest.xml:9:5-67
MERGED from [com.google.android.gms:play-services-maps:10.2.1] AndroidManifest.xml:20:5-66
	android:name
		ADDED from src/main/AndroidManifest.xml:9:22-64
uses-permission#android.permission.WRITE_EXTERNAL_STORAGE
ADDED from src/main/AndroidManifest.xml:10:5-81
	android:name
		ADDED from src/main/AndroidManifest.xml:10:22-78
uses-permission#android.permission.WRITE_SETTINGS
ADDED from src/main/AndroidManifest.xml:11:5-73
	android:name
		ADDED from src/main/AndroidManifest.xml:11:22-70
uses-permission#android.permission.READ_EXTERNAL_STORAGE
ADDED from src/main/AndroidManifest.xml:12:5-80
	android:name
		ADDED from src/main/AndroidManifest.xml:12:22-77
uses-feature#android.hardware.camera.any
ADDED from src/main/AndroidManifest.xml:14:5-64
	android:name
		ADDED from src/main/AndroidManifest.xml:14:19-61
uses-feature#android.hardware.camera
ADDED from src/main/AndroidManifest.xml:15:5-17:36
	android:required
		ADDED from src/main/AndroidManifest.xml:17:9-33
	android:name
		ADDED from src/main/AndroidManifest.xml:16:9-47
uses-feature#android.hardware.camera.autofocus
ADDED from src/main/AndroidManifest.xml:18:5-20:36
	android:required
		ADDED from src/main/AndroidManifest.xml:20:9-33
	android:name
		ADDED from src/main/AndroidManifest.xml:19:9-57
uses-feature#0x00010100
ADDED from src/main/AndroidManifest.xml:21:5-23:35
	android:glEsVersion
		ADDED from src/main/AndroidManifest.xml:22:9-41
	android:required
		ADDED from src/main/AndroidManifest.xml:23:9-32
uses-permission#android.permission.BLUETOOTH_ADMIN
ADDED from src/main/AndroidManifest.xml:26:5-74
	android:name
		ADDED from src/main/AndroidManifest.xml:26:22-71
uses-permission#android.permission.BLUETOOTH
ADDED from src/main/AndroidManifest.xml:27:5-68
	android:name
		ADDED from src/main/AndroidManifest.xml:27:22-65
uses-permission#android.permission.ACCESS_FINE_LOCATION
ADDED from src/main/AndroidManifest.xml:30:5-79
	android:name
		ADDED from src/main/AndroidManifest.xml:30:22-76
uses-permission#android.permission.ACCESS_COARSE_LOCATION
ADDED from src/main/AndroidManifest.xml:31:5-81
	android:name
		ADDED from src/main/AndroidManifest.xml:31:22-78
uses-permission#android.permission.ACCESS_NETWORK_STATE
ADDED from src/main/AndroidManifest.xml:32:5-79
MERGED from [com.google.android.gms:play-services-maps:10.2.1] AndroidManifest.xml:19:5-78
	android:name
		ADDED from src/main/AndroidManifest.xml:32:22-76
uses-permission#com.google.android.providers.gsf.permission.READ_GSERVICES
ADDED from src/main/AndroidManifest.xml:33:5-98
	android:name
		ADDED from src/main/AndroidManifest.xml:33:22-95
supports-screens
ADDED from src/main/AndroidManifest.xml:35:5-40:40
	android:largeScreens
		ADDED from src/main/AndroidManifest.xml:37:9-36
	android:smallScreens
		ADDED from src/main/AndroidManifest.xml:39:9-36
	android:normalScreens
		ADDED from src/main/AndroidManifest.xml:38:9-37
	android:xlargeScreens
		ADDED from src/main/AndroidManifest.xml:40:9-37
	android:anyDensity
		ADDED from src/main/AndroidManifest.xml:36:9-34
application
ADDED from src/main/AndroidManifest.xml:42:5-72:19
MERGED from [com.android.support:appcompat-v7:25.1.0] AndroidManifest.xml:25:5-20
MERGED from [com.android.support:support-v4:25.1.0] AndroidManifest.xml:25:5-20
MERGED from [com.android.support:support-compat:25.1.0] AndroidManifest.xml:25:5-20
MERGED from [com.android.support:support-media-compat:25.1.0] AndroidManifest.xml:25:5-20
MERGED from [com.android.support:support-core-utils:25.1.0] AndroidManifest.xml:25:5-20
MERGED from [com.android.support:support-core-ui:25.1.0] AndroidManifest.xml:25:5-20
MERGED from [com.android.support:support-fragment:25.1.0] AndroidManifest.xml:25:5-20
MERGED from [com.android.support:support-vector-drawable:25.1.0] AndroidManifest.xml:23:5-20
MERGED from [com.android.support:animated-vector-drawable:25.1.0] AndroidManifest.xml:22:5-20
MERGED from [com.android.support:design:24.2.1] AndroidManifest.xml:22:5-20
MERGED from [com.google.android.gms:play-services-maps:10.2.1] AndroidManifest.xml:24:5-19
MERGED from [com.google.android.gms:play-services-base:10.2.1] AndroidManifest.xml:18:5-20:19
MERGED from [com.google.android.gms:play-services-basement:10.2.1] AndroidManifest.xml:19:5-21:19
MERGED from [com.google.android.gms:play-services-tasks:10.2.1] AndroidManifest.xml:4:5-19
MERGED from [com.google.android.gms:play-services-location:10.2.1] AndroidManifest.xml:4:5-19
	android:label
		ADDED from src/main/AndroidManifest.xml:46:9-41
	android:supportsRtl
		ADDED from src/main/AndroidManifest.xml:47:9-35
	android:allowBackup
		ADDED from src/main/AndroidManifest.xml:44:9-35
	android:icon
		ADDED from src/main/AndroidManifest.xml:45:9-38
	android:theme
		ADDED from src/main/AndroidManifest.xml:48:9-65
	android:name
		ADDED from src/main/AndroidManifest.xml:43:9-54
meta-data#com.google.android.geo.API_KEY
ADDED from src/main/AndroidManifest.xml:49:9-51:55
	android:value
		ADDED from src/main/AndroidManifest.xml:51:13-52
	android:name
		ADDED from src/main/AndroidManifest.xml:50:13-58
activity#org.artoolkit.ar.samples.ARSimpleNativeCars.ARSimpleNativeCarsActivity
ADDED from src/main/AndroidManifest.xml:53:9-56:48
	android:label
		ADDED from src/main/AndroidManifest.xml:56:13-45
	android:configChanges
		ADDED from src/main/AndroidManifest.xml:55:13-74
	android:name
		ADDED from src/main/AndroidManifest.xml:54:13-55
activity#org.artoolkit.ar.base.camera.CameraPreferencesActivity
ADDED from src/main/AndroidManifest.xml:57:9-91
	android:name
		ADDED from src/main/AndroidManifest.xml:57:19-88
activity#org.artoolkit.ar.samples.ARSimpleNativeCars.MainActivity
ADDED from src/main/AndroidManifest.xml:58:9-64:20
	android:name
		ADDED from src/main/AndroidManifest.xml:58:19-47
intent-filter#android.intent.action.MAIN+android.intent.category.LAUNCHER
ADDED from src/main/AndroidManifest.xml:59:13-63:29
action#android.intent.action.MAIN
ADDED from src/main/AndroidManifest.xml:60:17-69
	android:name
		ADDED from src/main/AndroidManifest.xml:60:25-66
category#android.intent.category.LAUNCHER
ADDED from src/main/AndroidManifest.xml:62:17-77
	android:name
		ADDED from src/main/AndroidManifest.xml:62:27-74
activity#org.artoolkit.ar.samples.ARSimpleNativeCars.InfoActivity
ADDED from src/main/AndroidManifest.xml:65:9-50
	android:name
		ADDED from src/main/AndroidManifest.xml:65:19-47
activity#org.artoolkit.ar.samples.ARSimpleNativeCars.MapsActivity
ADDED from src/main/AndroidManifest.xml:66:9-50
	android:name
		ADDED from src/main/AndroidManifest.xml:66:19-47
activity#org.artoolkit.ar.samples.ARSimpleNativeCars.DeviceList
ADDED from src/main/AndroidManifest.xml:67:9-48
	android:name
		ADDED from src/main/AndroidManifest.xml:67:19-45
activity#org.artoolkit.ar.samples.ARSimpleNativeCars.Data
ADDED from src/main/AndroidManifest.xml:68:9-42
	android:name
		ADDED from src/main/AndroidManifest.xml:68:19-39
activity#org.artoolkit.ar.samples.ARSimpleNativeCars.NotificationsView
ADDED from src/main/AndroidManifest.xml:69:9-55
	android:name
		ADDED from src/main/AndroidManifest.xml:69:19-52
activity#org.artoolkit.ar.samples.ARSimpleNativeCars.NotificationView
ADDED from src/main/AndroidManifest.xml:70:9-54
	android:name
		ADDED from src/main/AndroidManifest.xml:70:19-51
activity#org.artoolkit.ar.samples.ARSimpleNativeCars.ProfileActivity
ADDED from src/main/AndroidManifest.xml:71:9-62
	android:name
		ADDED from src/main/AndroidManifest.xml:71:19-50
uses-sdk
INJECTED from src/main/AndroidManifest.xml reason: use-sdk injection requested
MERGED from [ARSimpleNativeCarsProj:aRBaseLib:unspecified] AndroidManifest.xml:7:5-9:41
MERGED from [com.android.support:appcompat-v7:25.1.0] AndroidManifest.xml:21:5-23:78
MERGED from [com.android.support:support-v4:25.1.0] AndroidManifest.xml:21:5-23:54
MERGED from [com.android.support:support-compat:25.1.0] AndroidManifest.xml:21:5-23:58
MERGED from [com.android.support:support-media-compat:25.1.0] AndroidManifest.xml:21:5-23:63
MERGED from [com.android.support:support-core-utils:25.1.0] AndroidManifest.xml:21:5-23:61
MERGED from [com.android.support:support-core-ui:25.1.0] AndroidManifest.xml:21:5-23:58
MERGED from [com.android.support:support-fragment:25.1.0] AndroidManifest.xml:21:5-23:60
MERGED from [com.android.support:support-vector-drawable:25.1.0] AndroidManifest.xml:21:5-43
MERGED from [com.android.support:animated-vector-drawable:25.1.0] AndroidManifest.xml:20:5-44
MERGED from [com.android.support:design:24.2.1] AndroidManifest.xml:20:5-43
MERGED from [com.android.support:recyclerview-v7:24.2.1] AndroidManifest.xml:20:5-43
MERGED from [com.google.android.gms:play-services-maps:10.2.1] AndroidManifest.xml:23:5-43
MERGED from [com.google.android.gms:play-services-base:10.2.1] AndroidManifest.xml:17:5-43
MERGED from [com.google.android.gms:play-services-basement:10.2.1] AndroidManifest.xml:17:5-43
MERGED from [com.google.android.gms:play-services-tasks:10.2.1] AndroidManifest.xml:3:5-43
MERGED from [com.google.android.gms:play-services-location:10.2.1] AndroidManifest.xml:3:5-43
	tools:overrideLibrary
		ADDED from [com.android.support:appcompat-v7:25.1.0] AndroidManifest.xml:23:9-75
	android:targetSdkVersion
		INJECTED from src/main/AndroidManifest.xml
		INJECTED from src/main/AndroidManifest.xml
	android:minSdkVersion
		INJECTED from src/main/AndroidManifest.xml
		INJECTED from src/main/AndroidManifest.xml
uses-feature#0x00020000
ADDED from [com.google.android.gms:play-services-maps:10.2.1] AndroidManifest.xml:21:5-77
	android:glEsVersion
		ADDED from [com.google.android.gms:play-services-maps:10.2.1] AndroidManifest.xml:21:19-51
	android:required
		ADDED from [com.google.android.gms:play-services-maps:10.2.1] AndroidManifest.xml:21:52-75
activity#com.google.android.gms.common.api.GoogleApiActivity
ADDED from [com.google.android.gms:play-services-base:10.2.1] AndroidManifest.xml:19:9-172
	android:exported
		ADDED from [com.google.android.gms:play-services-base:10.2.1] AndroidManifest.xml:19:146-170
	android:theme
		ADDED from [com.google.android.gms:play-services-base:10.2.1] AndroidManifest.xml:19:86-145
	android:name
		ADDED from [com.google.android.gms:play-services-base:10.2.1] AndroidManifest.xml:19:19-85
meta-data#com.google.android.gms.version
ADDED from [com.google.android.gms:play-services-basement:10.2.1] AndroidManifest.xml:20:9-121
	android:value
		ADDED from [com.google.android.gms:play-services-basement:10.2.1] AndroidManifest.xml:20:66-119
	android:name
		ADDED from [com.google.android.gms:play-services-basement:10.2.1] AndroidManifest.xml:20:20-65